<?xml version="1.0" encoding="utf-8"?><testsuites name="pytest tests"><testsuite name="pytest" errors="0" failures="0" skipped="0" tests="40" time="14.365" timestamp="2026-05-27T18:57:11.560984+00:00" hostname="agent-env-84b46292-e9ec-4511-be12-ea2bcdb2f2e3"><testcase classname="backend.tests.test_sonicbet_api" name="test_root_endpoint" time="0.143" /><testcase classname="backend.tests.test_sonicbet_api" name="test_list_games_has_17_with_new_ids" time="0.057" /><testcase classname="backend.tests.test_sonicbet_api" name="test_register_returns_user_and_welcome_bonus" time="0.338" /><testcase classname="backend.tests.test_sonicbet_api" name="test_login_with_registered_credentials" time="0.349" /><testcase classname="backend.tests.test_sonicbet_api" name="test_login_with_wrong_password_returns_401" time="0.332" /><testcase classname="backend.tests.test_sonicbet_api" name="test_auth_me_via_cookie" time="0.058" /><testcase classname="backend.tests.test_sonicbet_api" name="test_auth_me_via_bearer_token" time="0.433" /><testcase classname="backend.tests.test_sonicbet_api" name="test_protected_endpoint_without_auth_returns_401" time="0.128" /><testcase classname="backend.tests.test_sonicbet_api" name="test_deposit_pix_increases_balance" time="0.168" /><testcase classname="backend.tests.test_sonicbet_api" name="test_deposit_pix_below_minimum_returns_400" time="0.054" /><testcase classname="backend.tests.test_sonicbet_api" name="test_play_game_for_old_and_new_ids[fortune-tiger]" time="0.062" /><testcase classname="backend.tests.test_sonicbet_api" name="test_play_game_for_old_and_new_ids[mina-misteriosa]" time="0.071" /><testcase classname="backend.tests.test_sonicbet_api" name="test_play_game_for_old_and_new_ids[aviator]" time="0.060" /><testcase classname="backend.tests.test_sonicbet_api" name="test_play_game_for_old_and_new_ids[gates-olympus]" time="0.062" /><testcase classname="backend.tests.test_sonicbet_api" name="test_play_game_for_old_and_new_ids[plinko]" time="0.059" /><testcase classname="backend.tests.test_sonicbet_api" name="test_play_game_for_old_and_new_ids[crazy-time]" time="0.062" /><testcase classname="backend.tests.test_sonicbet_api" name="test_play_unknown_game_returns_404" time="0.057" /><testcase classname="backend.tests.test_sonicbet_api" name="test_recent_winners_returns_list" time="0.060" /><testcase classname="backend.tests.test_sonicbet_api" name="test_promotions_returns_six" time="0.054" /><testcase classname="backend.tests.test_sonicbet_new_features.TestWithdraw" name="test_withdraw_below_minimum" time="0.379" /><testcase classname="backend.tests.test_sonicbet_new_features.TestWithdraw" name="test_withdraw_invalid_pix_type" time="0.384" /><testcase classname="backend.tests.test_sonicbet_new_features.TestWithdraw" name="test_withdraw_blocks_when_total_bet_lt_50" time="0.440" /><testcase classname="backend.tests.test_sonicbet_new_features.TestWithdraw" name="test_withdraw_succeeds_with_cnpj_after_50_bet" time="1.121" /><testcase classname="backend.tests.test_sonicbet_new_features.TestWithdraw" name="test_withdraw_accepts_all_valid_pix_types[cpf-12345678901]" time="1.070" /><testcase classname="backend.tests.test_sonicbet_new_features.TestWithdraw" name="test_withdraw_accepts_all_valid_pix_types[email-user@example.com]" time="1.127" /><testcase classname="backend.tests.test_sonicbet_new_features.TestWithdraw" name="test_withdraw_accepts_all_valid_pix_types[phone-11987654321]" time="1.261" /><testcase classname="backend.tests.test_sonicbet_new_features.TestWithdraw" name="test_withdraw_accepts_all_valid_pix_types[random-abcdef-1234-5678]" time="1.198" /><testcase classname="backend.tests.test_sonicbet_new_features.TestCheckin" name="test_status_requires_auth" time="0.106" /><testcase classname="backend.tests.test_sonicbet_new_features.TestCheckin" name="test_status_initial_state" time="0.391" /><testcase classname="backend.tests.test_sonicbet_new_features.TestCheckin" name="test_claim_credits_wallet_day1_and_blocks_double_claim" time="0.580" /><testcase classname="backend.tests.test_sonicbet_new_features.TestAdmin" name="test_admin_me_non_admin" time="0.051" /><testcase classname="backend.tests.test_sonicbet_new_features.TestAdmin" name="test_admin_overview_forbidden_for_non_admin" time="0.061" /><testcase classname="backend.tests.test_sonicbet_new_features.TestAdmin" name="test_admin_users_forbidden_for_non_admin" time="0.048" /><testcase classname="backend.tests.test_sonicbet_new_features.TestAdmin" name="test_admin_me_admin_true" time="0.496" /><testcase classname="backend.tests.test_sonicbet_new_features.TestAdmin" name="test_admin_overview_returns_metrics" time="0.053" /><testcase classname="backend.tests.test_sonicbet_new_features.TestAdmin" name="test_admin_users_returns_list" time="0.055" /><testcase classname="backend.tests.test_sonicbet_new_features.TestAdmin" name="test_admin_transactions_returns_list" time="0.048" /><testcase classname="backend.tests.test_sonicbet_new_features.TestAdmin" name="test_admin_contacts_returns_list" time="0.073" /><testcase classname="backend.tests.test_sonicbet_new_features.TestAdmin" name="test_admin_approve_withdraw_flow" time="1.433" /><testcase classname="backend.tests.test_sonicbet_new_features.TestAdmin" name="test_admin_reject_withdraw_refunds_user" time="1.299" /></testsuite></testsuites>