<?xml version="1.0" encoding="utf-8"?><testsuites name="pytest tests"><testsuite name="pytest" errors="0" failures="0" skipped="0" tests="21" time="11.642" timestamp="2026-05-27T18:56:55.605309+00:00" hostname="agent-env-84b46292-e9ec-4511-be12-ea2bcdb2f2e3"><testcase classname="backend.tests.test_sonicbet_new_features.TestWithdraw" name="test_withdraw_below_minimum" time="0.542" /><testcase classname="backend.tests.test_sonicbet_new_features.TestWithdraw" name="test_withdraw_invalid_pix_type" time="0.393" /><testcase classname="backend.tests.test_sonicbet_new_features.TestWithdraw" name="test_withdraw_blocks_when_total_bet_lt_50" time="0.479" /><testcase classname="backend.tests.test_sonicbet_new_features.TestWithdraw" name="test_withdraw_succeeds_with_cnpj_after_50_bet" time="1.125" /><testcase classname="backend.tests.test_sonicbet_new_features.TestWithdraw" name="test_withdraw_accepts_all_valid_pix_types[cpf-12345678901]" time="1.079" /><testcase classname="backend.tests.test_sonicbet_new_features.TestWithdraw" name="test_withdraw_accepts_all_valid_pix_types[email-user@example.com]" time="1.126" /><testcase classname="backend.tests.test_sonicbet_new_features.TestWithdraw" name="test_withdraw_accepts_all_valid_pix_types[phone-11987654321]" time="1.059" /><testcase classname="backend.tests.test_sonicbet_new_features.TestWithdraw" name="test_withdraw_accepts_all_valid_pix_types[random-abcdef-1234-5678]" time="1.115" /><testcase classname="backend.tests.test_sonicbet_new_features.TestCheckin" name="test_status_requires_auth" time="0.132" /><testcase classname="backend.tests.test_sonicbet_new_features.TestCheckin" name="test_status_initial_state" time="0.387" /><testcase classname="backend.tests.test_sonicbet_new_features.TestCheckin" name="test_claim_credits_wallet_day1_and_blocks_double_claim" time="0.616" /><testcase classname="backend.tests.test_sonicbet_new_features.TestAdmin" name="test_admin_me_non_admin" time="0.053" /><testcase classname="backend.tests.test_sonicbet_new_features.TestAdmin" name="test_admin_overview_forbidden_for_non_admin" time="0.057" /><testcase classname="backend.tests.test_sonicbet_new_features.TestAdmin" name="test_admin_users_forbidden_for_non_admin" time="0.055" /><testcase classname="backend.tests.test_sonicbet_new_features.TestAdmin" name="test_admin_me_admin_true" time="0.448" /><testcase classname="backend.tests.test_sonicbet_new_features.TestAdmin" name="test_admin_overview_returns_metrics" time="0.060" /><testcase classname="backend.tests.test_sonicbet_new_features.TestAdmin" name="test_admin_users_returns_list" time="0.064" /><testcase classname="backend.tests.test_sonicbet_new_features.TestAdmin" name="test_admin_transactions_returns_list" time="0.051" /><testcase classname="backend.tests.test_sonicbet_new_features.TestAdmin" name="test_admin_contacts_returns_list" time="0.050" /><testcase classname="backend.tests.test_sonicbet_new_features.TestAdmin" name="test_admin_approve_withdraw_flow" time="1.162" /><testcase classname="backend.tests.test_sonicbet_new_features.TestAdmin" name="test_admin_reject_withdraw_refunds_user" time="1.350" /></testsuite></testsuites>