<?xml version="1.0" encoding="utf-8"?><testsuites name="pytest tests"><testsuite name="pytest" errors="0" failures="0" skipped="0" tests="19" time="6.941" timestamp="2026-05-27T18:16:30.742266+00:00" hostname="agent-env-84b46292-e9ec-4511-be12-ea2bcdb2f2e3"><testcase classname="backend.tests.test_sonicbet_api" name="test_root_endpoint" time="0.273" /><testcase classname="backend.tests.test_sonicbet_api" name="test_list_games_has_17_with_new_ids" time="0.053" /><testcase classname="backend.tests.test_sonicbet_api" name="test_register_returns_user_and_welcome_bonus" time="0.579" /><testcase classname="backend.tests.test_sonicbet_api" name="test_login_with_registered_credentials" time="0.342" /><testcase classname="backend.tests.test_sonicbet_api" name="test_login_with_wrong_password_returns_401" time="0.396" /><testcase classname="backend.tests.test_sonicbet_api" name="test_auth_me_via_cookie" time="0.057" /><testcase classname="backend.tests.test_sonicbet_api" name="test_auth_me_via_bearer_token" time="0.519" /><testcase classname="backend.tests.test_sonicbet_api" name="test_protected_endpoint_without_auth_returns_401" time="0.107" /><testcase classname="backend.tests.test_sonicbet_api" name="test_deposit_pix_increases_balance" time="0.656" /><testcase classname="backend.tests.test_sonicbet_api" name="test_deposit_pix_below_minimum_returns_400" time="0.054" /><testcase classname="backend.tests.test_sonicbet_api" name="test_play_game_for_old_and_new_ids[fortune-tiger]" time="1.644" /><testcase classname="backend.tests.test_sonicbet_api" name="test_play_game_for_old_and_new_ids[mina-misteriosa]" time="0.061" /><testcase classname="backend.tests.test_sonicbet_api" name="test_play_game_for_old_and_new_ids[aviator]" time="0.064" /><testcase classname="backend.tests.test_sonicbet_api" name="test_play_game_for_old_and_new_ids[gates-olympus]" time="0.053" /><testcase classname="backend.tests.test_sonicbet_api" name="test_play_game_for_old_and_new_ids[plinko]" time="1.616" /><testcase classname="backend.tests.test_sonicbet_api" name="test_play_game_for_old_and_new_ids[crazy-time]" time="0.053" /><testcase classname="backend.tests.test_sonicbet_api" name="test_play_unknown_game_returns_404" time="0.061" /><testcase classname="backend.tests.test_sonicbet_api" name="test_recent_winners_returns_list" time="0.052" /><testcase classname="backend.tests.test_sonicbet_api" name="test_promotions_returns_six" time="0.049" /></testsuite></testsuites>