<?xml version="1.0" encoding="utf-8"?><testsuites name="pytest tests"><testsuite name="pytest" errors="0" failures="0" skipped="0" tests="45" time="8.905" timestamp="2026-05-26T08:59:10.316247+00:00" hostname="agent-env-3d598321-4ede-402f-bac5-58f7d2e1e2c2"><testcase classname="backend.tests.test_sonicbet_backend" name="test_root" time="0.183" /><testcase classname="backend.tests.test_sonicbet_backend.TestAuth" name="test_register_success_and_cookie_and_welcome_bonus" time="0.381" /><testcase classname="backend.tests.test_sonicbet_backend.TestAuth" name="test_register_password_mismatch" time="0.107" /><testcase classname="backend.tests.test_sonicbet_backend.TestAuth" name="test_register_password_too_short" time="0.099" /><testcase classname="backend.tests.test_sonicbet_backend.TestAuth" name="test_register_invalid_phone" time="0.091" /><testcase classname="backend.tests.test_sonicbet_backend.TestAuth" name="test_register_duplicate_phone" time="0.435" /><testcase classname="backend.tests.test_sonicbet_backend.TestAuth" name="test_login_success" time="0.343" /><testcase classname="backend.tests.test_sonicbet_backend.TestAuth" name="test_login_invalid_password" time="0.325" /><testcase classname="backend.tests.test_sonicbet_backend.TestAuth" name="test_login_nonexistent_phone" time="0.110" /><testcase classname="backend.tests.test_sonicbet_backend.TestAuth" name="test_me_with_cookie" time="0.048" /><testcase classname="backend.tests.test_sonicbet_backend.TestAuth" name="test_me_with_bearer_header" time="0.458" /><testcase classname="backend.tests.test_sonicbet_backend.TestAuth" name="test_me_unauthenticated" time="0.107" /><testcase classname="backend.tests.test_sonicbet_backend.TestAuth" name="test_logout_clears_cookie" time="0.408" /><testcase classname="backend.tests.test_sonicbet_backend.TestWallet" name="test_balance_creates_wallet_with_bonus" time="0.048" /><testcase classname="backend.tests.test_sonicbet_backend.TestWallet" name="test_deposit_pix_success" time="0.146" /><testcase classname="backend.tests.test_sonicbet_backend.TestWallet" name="test_deposit_below_minimum" time="0.047" /><testcase classname="backend.tests.test_sonicbet_backend.TestWallet" name="test_deposit_above_maximum" time="0.047" /><testcase classname="backend.tests.test_sonicbet_backend.TestWallet" name="test_deposit_unauthenticated" time="0.097" /><testcase classname="backend.tests.test_sonicbet_backend.TestWallet" name="test_withdraw_below_minimum" time="0.051" /><testcase classname="backend.tests.test_sonicbet_backend.TestWallet" name="test_withdraw_requires_total_bet_100" time="0.431" /><testcase classname="backend.tests.test_sonicbet_backend.TestWallet" name="test_withdraw_success_after_betting" time="0.925" /><testcase classname="backend.tests.test_sonicbet_backend.TestWallet" name="test_withdraw_insufficient_balance" time="0.381" /><testcase classname="backend.tests.test_sonicbet_backend.TestWallet" name="test_transactions_listed" time="0.048" /><testcase classname="backend.tests.test_sonicbet_backend.TestGames" name="test_list_games" time="0.127" /><testcase classname="backend.tests.test_sonicbet_backend.TestGames" name="test_play_each_game[fortune-ox]" time="0.093" /><testcase classname="backend.tests.test_sonicbet_backend.TestGames" name="test_play_each_game[fortune-rabbit]" time="0.097" /><testcase classname="backend.tests.test_sonicbet_backend.TestGames" name="test_play_each_game[mina-misteriosa]" time="0.093" /><testcase classname="backend.tests.test_sonicbet_backend.TestGames" name="test_play_each_game[fortune-tiger]" time="0.096" /><testcase classname="backend.tests.test_sonicbet_backend.TestGames" name="test_play_each_game[fortune-mouse]" time="0.095" /><testcase classname="backend.tests.test_sonicbet_backend.TestGames" name="test_play_each_game[fortune-snake]" time="0.092" /><testcase classname="backend.tests.test_sonicbet_backend.TestGames" name="test_play_invalid_game" time="0.046" /><testcase classname="backend.tests.test_sonicbet_backend.TestGames" name="test_play_below_min_bet" time="0.045" /><testcase classname="backend.tests.test_sonicbet_backend.TestGames" name="test_play_unauthenticated" time="0.102" /><testcase classname="backend.tests.test_sonicbet_backend.TestGames" name="test_game_history" time="0.047" /><testcase classname="backend.tests.test_sonicbet_backend.TestGames" name="test_recent_winners_public" time="0.132" /><testcase classname="backend.tests.test_sonicbet_backend.TestProfile" name="test_vip_v0" time="0.371" /><testcase classname="backend.tests.test_sonicbet_backend.TestProfile" name="test_stats" time="0.054" /><testcase classname="backend.tests.test_sonicbet_backend.TestRedeem" name="test_redeem_valid_code" time="0.460" /><testcase classname="backend.tests.test_sonicbet_backend.TestRedeem" name="test_redeem_case_insensitive" time="0.381" /><testcase classname="backend.tests.test_sonicbet_backend.TestRedeem" name="test_redeem_invalid_code" time="0.047" /><testcase classname="backend.tests.test_sonicbet_backend.TestRedeem" name="test_redeem_already_used" time="0.415" /><testcase classname="backend.tests.test_sonicbet_backend.TestReferral" name="test_referral_info" time="0.049" /><testcase classname="backend.tests.test_sonicbet_backend.TestReferral" name="test_referral_bonus_credited_on_signup" time="0.470" /><testcase classname="backend.tests.test_sonicbet_backend.TestContact" name="test_submit_contact_public" time="0.100" /><testcase classname="backend.tests.test_sonicbet_backend.TestPromotions" name="test_list_promotions" time="0.099" /></testsuite></testsuites>